#
# There is insufficient memory for the Java Runtime Environment to continue.
# Native memory allocation (malloc) failed to allocate 32744 bytes for ChunkPool::allocate
# Possible reasons:
#   The system is out of physical RAM or swap space
#   The process is running with CompressedOops enabled, and the Java Heap may be blocking the growth of the native heap
# Possible solutions:
#   Reduce memory load on the system
#   Increase physical memory or swap space
#   Check if swap backing store is full
#   Decrease Java heap size (-Xmx/-Xms)
#   Decrease number of Java threads
#   Decrease Java thread stack sizes (-Xss)
#   Set larger code cache with -XX:ReservedCodeCacheSize=
#   JVM is running with Zero Based Compressed Oops mode in which the Java heap is
#     placed in the first 32GB address space. The Java Heap base address is the
#     maximum limit for the native heap growth. Please use -XX:HeapBaseMinAddress
#     to set the Java Heap base and to place the Java Heap above 32GB virtual address.
# This output file may be truncated or incomplete.
#
#  Out of Memory Error (allocation.cpp:272), pid=11732, tid=0x00000000000004c8
#
# JRE version: Java(TM) SE Runtime Environment (8.0_251-b08) (build 1.8.0_251-b08)
# Java VM: Java HotSpot(TM) 64-Bit Server VM (25.251-b08 mixed mode windows-amd64 compressed oops)
# Failed to write core dump. Minidumps are not enabled by default on client versions of Windows
#

---------------  T H R E A D  ---------------

Current thread (0x0000000019e1a800):  JavaThread "C1 CompilerThread2" daemon [_thread_in_native, id=1224, stack(0x000000001bc90000,0x000000001bd90000)]

Stack: [0x000000001bc90000,0x000000001bd90000]
[error occurred during error reporting (printing stack bounds), id 0xc0000005]

Native frames: (J=compiled Java code, j=interpreted, Vv=VM code, C=native code)


Current CompileTask:
C1:  36184 1568   !   3       java.awt.DefaultKeyboardFocusManager::dispatchEvent (1645 bytes)


---------------  P R O C E S S  ---------------

Java Threads: ( => current thread )
  0x000000001c5de000 JavaThread "TimerQueue" daemon [_thread_blocked, id=6292, stack(0x0000000025bd0000,0x0000000025cd0000)]
  0x000000001c5d9800 JavaThread "D3D Screen Updater" daemon [_thread_blocked, id=7644, stack(0x0000000025190000,0x0000000025290000)]
  0x000000000108e800 JavaThread "DestroyJavaVM" [_thread_blocked, id=2308, stack(0x0000000002840000,0x0000000002940000)]
  0x000000001c4a4800 JavaThread "AWT-EventQueue-0" [_thread_in_native, id=13724, stack(0x0000000024900000,0x0000000024a00000)]
  0x000000001c414000 JavaThread "AWT-Windows" daemon [_thread_in_native, id=6900, stack(0x000000001d320000,0x000000001d420000)]
  0x000000001c413000 JavaThread "AWT-Shutdown" [_thread_blocked, id=12720, stack(0x000000001d220000,0x000000001d320000)]
  0x000000001c18e800 JavaThread "Java2D Disposer" daemon [_thread_blocked, id=6416, stack(0x000000001d120000,0x000000001d220000)]
  0x000000001be0a000 JavaThread "Service Thread" daemon [_thread_blocked, id=3820, stack(0x000000001c190000,0x000000001c290000)]
=>0x0000000019e1a800 JavaThread "C1 CompilerThread2" daemon [_thread_in_native, id=1224, stack(0x000000001bc90000,0x000000001bd90000)]
  0x0000000019e10800 JavaThread "C2 CompilerThread1" daemon [_thread_blocked, id=10316, stack(0x000000001bb90000,0x000000001bc90000)]
  0x0000000019e0e800 JavaThread "C2 CompilerThread0" daemon [_thread_blocked, id=12564, stack(0x000000001ba90000,0x000000001bb90000)]
  0x0000000019e0a000 JavaThread "Attach Listener" daemon [_thread_blocked, id=8928, stack(0x000000001b990000,0x000000001ba90000)]
  0x0000000019e06000 JavaThread "Signal Dispatcher" daemon [_thread_blocked, id=9832, stack(0x000000001b890000,0x000000001b990000)]
  0x0000000002abd800 JavaThread "Finalizer" daemon [_thread_blocked, id=6200, stack(0x000000001b670000,0x000000001b770000)]
  0x0000000002ab5800 JavaThread "Reference Handler" daemon [_thread_blocked, id=2136, stack(0x000000001b570000,0x000000001b670000)]

Other Threads:
  0x0000000019dc8000 VMThread [stack: 0x000000001b470000,0x000000001b570000] [id=12376]
  0x000000001be24000 WatcherThread [stack: 0x000000001c290000,0x000000001c390000] [id=6032]

VM state:not at safepoint (normal execution)

VM Mutex/Monitor currently owned by a thread: None

heap address: 0x0000000700c00000, size: 3060 MB, Compressed Oops mode: Zero based, Oop shift amount: 3
Narrow klass base: 0x0000000000000000, Narrow klass shift: 3
Compressed class space size: 1073741824 Address: 0x00000007c0000000

Heap:
 PSYoungGen      total 57344K, used 17772K [0x0000000780400000, 0x0000000784400000, 0x00000007c0000000)
  eden space 49152K, 36% used [0x0000000780400000,0x000000078155b368,0x0000000783400000)
  from space 8192K, 0% used [0x0000000783c00000,0x0000000783c00000,0x0000000784400000)
  to   space 8192K, 0% used [0x0000000783400000,0x0000000783400000,0x0000000783c00000)
 ParOldGen       total 131072K, used 0K [0x0000000700c00000, 0x0000000708c00000, 0x0000000780400000)
  object space 131072K, 0% used [0x0000000700c00000,0x0000000700c00000,0x0000000708c00000)
 Metaspace       used 15137K, capacity 15360K, committed 15488K, reserved 1062912K
  class space    used 1830K, capacity 1918K, committed 1920K, reserved 1048576K

Card table byte_map: [0x0000000011e80000,0x0000000012480000] byte_map_base: 0x000000000e67a000

Marking Bits: (ParMarkBitMap*) 0x0000000074fdaf90
 Begin Bits: [0x0000000012e80000, 0x0000000015e50000)
 End Bits:   [0x0000000015e50000, 0x0000000018e20000)

Polling page: 0x00000000007f0000

CodeCache: size=245760Kb used=5269Kb max_used=5281Kb free=240490Kb
 bounds [0x0000000002ac0000, 0x0000000002ff0000, 0x0000000011ac0000]
 total_blobs=2097 nmethods=1546 adapters=463
 compilation: enabled

Compilation events (10 events):
Event: 36.029 Thread 0x0000000019e1a800 1564   !   3       sun.font.GlyphList::getInstance (50 bytes)
Event: 36.030 Thread 0x0000000019e0e800 nmethod 1566 0x0000000002bce8d0 code [0x0000000002bcea20, 0x0000000002bcef38]
Event: 36.030 Thread 0x0000000019e1a800 nmethod 1564 0x0000000002c6e110 code [0x0000000002c6e2a0, 0x0000000002c6e8b0]
Event: 36.030 Thread 0x0000000019e1a800 1565       3       sun.java2d.pipe.BufferedTextPipe::enqueueGlyphList (220 bytes)
Event: 36.032 Thread 0x0000000019e1a800 nmethod 1565 0x0000000002bf6090 code [0x0000000002bf6320, 0x0000000002bf7b08]
Event: 36.048 Thread 0x0000000019e10800 1567       4       sun.awt.AWTAutoShutdown::notifyToolkitThreadFree (8 bytes)
Event: 36.051 Thread 0x0000000019e10800 nmethod 1567 0x0000000002bcf710 code [0x0000000002bcf860, 0x0000000002bcfd38]
Event: 36.161 Thread 0x0000000019e1a800 1568   !   3       java.awt.DefaultKeyboardFocusManager::dispatchEvent (1645 bytes)
Event: 36.176 Thread 0x0000000019e0e800 1572       4       java.awt.Component::getCursor_NoClientCode (30 bytes)
Event: 36.177 Thread 0x0000000019e0e800 nmethod 1572 0x0000000002c09ad0 code [0x0000000002c09c20, 0x0000000002c09ce8]

GC Heap History (0 events):
No events

Deoptimization events (10 events):
Event: 0.686 Thread 0x000000000108e800 Uncommon trap: reason=bimorphic action=maybe_recompile pc=0x0000000002c42db0 method=java.util.Properties$LineReader.readLine()I @ 62
Event: 1.075 Thread 0x000000000108e800 Uncommon trap: reason=unstable_if action=reinterpret pc=0x0000000002c2bf9c method=java.lang.String.startsWith(Ljava/lang/String;I)Z @ 25
Event: 3.700 Thread 0x000000001c4a4800 Uncommon trap: reason=class_check action=maybe_recompile pc=0x0000000002c69930 method=java.lang.String.equals(Ljava/lang/Object;)Z @ 8
Event: 3.700 Thread 0x000000001c4a4800 Uncommon trap: reason=class_check action=maybe_recompile pc=0x0000000002c69930 method=java.lang.String.equals(Ljava/lang/Object;)Z @ 8
Event: 3.801 Thread 0x000000001c4a4800 Uncommon trap: reason=class_check action=maybe_recompile pc=0x0000000002c69930 method=java.lang.String.equals(Ljava/lang/Object;)Z @ 8
Event: 3.801 Thread 0x000000001c4a4800 Uncommon trap: reason=class_check action=maybe_recompile pc=0x0000000002c69930 method=java.lang.String.equals(Ljava/lang/Object;)Z @ 8
Event: 7.635 Thread 0x000000001c4a4800 Uncommon trap: reason=unstable_if action=reinterpret pc=0x0000000002d8f658 method=java.awt.Component.inside(II)Z @ 9
Event: 9.037 Thread 0x000000001c4a4800 Uncommon trap: reason=unstable_if action=reinterpret pc=0x0000000002e58e94 method=java.security.AccessControlContext.optimize()Ljava/security/AccessControlContext; @ 220
Event: 36.161 Thread 0x000000001c4a4800 Uncommon trap: reason=unstable_if action=reinterpret pc=0x0000000002e5bd10 method=java.awt.Container.findComponentAtImpl(IIZ)Ljava/awt/Component; @ 131
Event: 36.161 Thread 0x000000001c4a4800 Uncommon trap: reason=unstable_if action=reinterpret pc=0x0000000002fe61b0 method=java.awt.Container$MouseEventTargetFilter.accept(Ljava/awt/Component;)Z @ 23

Classes redefined (0 events):
No events

Internal exceptions (10 events):
Event: 0.056 Thread 0x000000000108e800 Exception <a 'java/lang/NoSuchMethodError': Method sun.misc.Unsafe.defineClass(Ljava/lang/String;[BII)Ljava/lang/Class; name or signature does not match> (0x0000000780407cc0) thrown at [C:\jenkins\workspace\8-2-build-windows-amd64-cygwin\jdk8u251\737\hots
Event: 0.056 Thread 0x000000000108e800 Exception <a 'java/lang/NoSuchMethodError': Method sun.misc.Unsafe.prefetchRead(Ljava/lang/Object;J)V name or signature does not match> (0x0000000780407fa8) thrown at [C:\jenkins\workspace\8-2-build-windows-amd64-cygwin\jdk8u251\737\hotspot\src\share\vm\p
Event: 0.178 Thread 0x000000000108e800 Exception <a 'java/security/PrivilegedActionException'> (0x00000007804a7268) thrown at [C:\jenkins\workspace\8-2-build-windows-amd64-cygwin\jdk8u251\737\hotspot\src\share\vm\prims\jvm.cpp, line 1502]
Event: 0.178 Thread 0x000000000108e800 Exception <a 'java/security/PrivilegedActionException'> (0x00000007804a7478) thrown at [C:\jenkins\workspace\8-2-build-windows-amd64-cygwin\jdk8u251\737\hotspot\src\share\vm\prims\jvm.cpp, line 1502]
Event: 0.179 Thread 0x000000000108e800 Exception <a 'java/security/PrivilegedActionException'> (0x00000007804ab570) thrown at [C:\jenkins\workspace\8-2-build-windows-amd64-cygwin\jdk8u251\737\hotspot\src\share\vm\prims\jvm.cpp, line 1502]
Event: 0.179 Thread 0x000000000108e800 Exception <a 'java/security/PrivilegedActionException'> (0x00000007804ab780) thrown at [C:\jenkins\workspace\8-2-build-windows-amd64-cygwin\jdk8u251\737\hotspot\src\share\vm\prims\jvm.cpp, line 1502]
Event: 0.685 Thread 0x000000000108e800 Exception <a 'java/io/FileNotFoundException'> (0x0000000780a25b10) thrown at [C:\jenkins\workspace\8-2-build-windows-amd64-cygwin\jdk8u251\737\hotspot\src\share\vm\prims\jni.cpp, line 710]
Event: 0.739 Thread 0x000000000108e800 Exception <a 'java/lang/NoSuchFieldError': method resolution failed> (0x0000000780af5d70) thrown at [C:\jenkins\workspace\8-2-build-windows-amd64-cygwin\jdk8u251\737\hotspot\src\share\vm\prims\methodHandles.cpp, line 1167]
Event: 0.743 Thread 0x000000000108e800 Exception <a 'java/lang/NoSuchFieldError': method resolution failed> (0x0000000780b03090) thrown at [C:\jenkins\workspace\8-2-build-windows-amd64-cygwin\jdk8u251\737\hotspot\src\share\vm\prims\methodHandles.cpp, line 1167]
Event: 0.807 Thread 0x000000000108e800 Exception <a 'java/io/FileNotFoundException'> (0x0000000780b9a3e8) thrown at [C:\jenkins\workspace\8-2-build-windows-amd64-cygwin\jdk8u251\737\hotspot\src\share\vm\prims\jni.cpp, line 710]

Events (10 events):
Event: 36.022 loading class sun/java2d/loops/ProcessPath$ActiveEdgeList
Event: 36.022 loading class sun/java2d/loops/ProcessPath$ActiveEdgeList done
Event: 36.022 loading class sun/java2d/loops/ProcessPath$Edge
Event: 36.022 loading class sun/java2d/loops/ProcessPath$Edge done
Event: 36.161 Thread 0x000000001c4a4800 Uncommon trap: trap_request=0xffffff65 fr.pc=0x0000000002e5bd10
Event: 36.161 Thread 0x000000001c4a4800 DEOPT PACKING pc=0x0000000002e5bd10 sp=0x00000000249fdfe0
Event: 36.161 Thread 0x000000001c4a4800 DEOPT UNPACKING pc=0x0000000002b0583b sp=0x00000000249fdf98 mode 2
Event: 36.161 Thread 0x000000001c4a4800 Uncommon trap: trap_request=0xffffff65 fr.pc=0x0000000002fe61b0
Event: 36.161 Thread 0x000000001c4a4800 DEOPT PACKING pc=0x0000000002fe61b0 sp=0x00000000249fd220
Event: 36.161 Thread 0x000000001c4a4800 DEOPT UNPACKING pc=0x0000000002b0583b sp=0x00000000249fd160 mode 2


Dynamic libraries:
0x00007ff60dff0000 - 0x00007ff60e027000 	C:\Program Files\Java\jdk1.8.0_251\bin\java.exe
0x00007ffdc81e0000 - 0x00007ffdc83d0000 	C:\WINDOWS\SYSTEM32\ntdll.dll
0x00007ffdc6fa0000 - 0x00007ffdc7052000 	C:\WINDOWS\System32\KERNEL32.DLL
0x00007ffdc53f0000 - 0x00007ffdc5694000 	C:\WINDOWS\System32\KERNELBASE.dll
0x00007ffdc7c90000 - 0x00007ffdc7d33000 	C:\WINDOWS\System32\ADVAPI32.dll
0x00007ffdc7490000 - 0x00007ffdc752e000 	C:\WINDOWS\System32\msvcrt.dll
0x00007ffdc7d70000 - 0x00007ffdc7e07000 	C:\WINDOWS\System32\sechost.dll
0x00007ffdc7060000 - 0x00007ffdc7180000 	C:\WINDOWS\System32\RPCRT4.dll
0x00007ffdc7700000 - 0x00007ffdc7894000 	C:\WINDOWS\System32\USER32.dll
0x00007ffdc56a0000 - 0x00007ffdc56c1000 	C:\WINDOWS\System32\win32u.dll
0x00007ffdc7d40000 - 0x00007ffdc7d66000 	C:\WINDOWS\System32\GDI32.dll
0x00007ffdc60f0000 - 0x00007ffdc6285000 	C:\WINDOWS\System32\gdi32full.dll
0x00007ffdc58d0000 - 0x00007ffdc596e000 	C:\WINDOWS\System32\msvcp_win.dll
0x00007ffdc5700000 - 0x00007ffdc57fa000 	C:\WINDOWS\System32\ucrtbase.dll
0x00007ffdb8910000 - 0x00007ffdb8b94000 	C:\WINDOWS\WinSxS\amd64_microsoft.windows.common-controls_6595b64144ccf1df_6.0.18362.900_none_e6beb9d913147d17\COMCTL32.dll
0x00007ffdc78a0000 - 0x00007ffdc7bd5000 	C:\WINDOWS\System32\combase.dll
0x00007ffdc5220000 - 0x00007ffdc52a0000 	C:\WINDOWS\System32\bcryptPrimitives.dll
0x00007ffdc6360000 - 0x00007ffdc638e000 	C:\WINDOWS\System32\IMM32.DLL
0x00000000754f0000 - 0x00000000755c2000 	C:\Program Files\Java\jdk1.8.0_251\jre\bin\msvcr100.dll
0x00000000747b0000 - 0x000000007505b000 	C:\Program Files\Java\jdk1.8.0_251\jre\bin\server\jvm.dll
0x00007ffdc7250000 - 0x00007ffdc7258000 	C:\WINDOWS\System32\PSAPI.DLL
0x00007ffdc3710000 - 0x00007ffdc3719000 	C:\WINDOWS\SYSTEM32\WSOCK32.dll
0x00007ffdc3090000 - 0x00007ffdc30b4000 	C:\WINDOWS\SYSTEM32\WINMM.dll
0x00007ffdc6290000 - 0x00007ffdc62ff000 	C:\WINDOWS\System32\WS2_32.dll
0x00007ffdbf590000 - 0x00007ffdbf59a000 	C:\WINDOWS\SYSTEM32\VERSION.dll
0x00007ffdc3010000 - 0x00007ffdc303d000 	C:\WINDOWS\SYSTEM32\winmmbase.dll
0x00007ffdc51d0000 - 0x00007ffdc521a000 	C:\WINDOWS\System32\cfgmgr32.dll
0x00007ffdc3260000 - 0x00007ffdc326f000 	C:\Program Files\Java\jdk1.8.0_251\jre\bin\verify.dll
0x00007ffdadab0000 - 0x00007ffdadad9000 	C:\Program Files\Java\jdk1.8.0_251\jre\bin\java.dll
0x00007ffdc2d40000 - 0x00007ffdc2d56000 	C:\Program Files\Java\jdk1.8.0_251\jre\bin\zip.dll
0x00007ffdc6800000 - 0x00007ffdc6ee6000 	C:\WINDOWS\System32\SHELL32.dll
0x00007ffdc6ef0000 - 0x00007ffdc6f99000 	C:\WINDOWS\System32\shcore.dll
0x00007ffdc5970000 - 0x00007ffdc60f0000 	C:\WINDOWS\System32\windows.storage.dll
0x00007ffdc50b0000 - 0x00007ffdc50d3000 	C:\WINDOWS\System32\profapi.dll
0x00007ffdc5100000 - 0x00007ffdc514a000 	C:\WINDOWS\System32\powrprof.dll
0x00007ffdc50a0000 - 0x00007ffdc50b0000 	C:\WINDOWS\System32\UMPDC.dll
0x00007ffdc76a0000 - 0x00007ffdc76f2000 	C:\WINDOWS\System32\shlwapi.dll
0x00007ffdc50e0000 - 0x00007ffdc50f1000 	C:\WINDOWS\System32\kernel.appcore.dll
0x00007ffdc58b0000 - 0x00007ffdc58c7000 	C:\WINDOWS\System32\cryptsp.dll
0x00007ffdc1a80000 - 0x00007ffdc1a9a000 	C:\Program Files\Java\jdk1.8.0_251\jre\bin\net.dll
0x00007ffdc48b0000 - 0x00007ffdc4917000 	C:\WINDOWS\system32\mswsock.dll
0x00007ffdc4600000 - 0x00007ffdc46cb000 	C:\WINDOWS\SYSTEM32\DNSAPI.dll
0x00007ffdc7690000 - 0x00007ffdc7698000 	C:\WINDOWS\System32\NSI.dll
0x00007ffdc45c0000 - 0x00007ffdc45fa000 	C:\WINDOWS\SYSTEM32\IPHLPAPI.DLL
0x00007ffdbc0a0000 - 0x00007ffdbc0aa000 	C:\Windows\System32\rasadhlp.dll
0x00007ffdbfb00000 - 0x00007ffdbfb77000 	C:\WINDOWS\System32\fwpuclnt.dll
0x00007ffdc56d0000 - 0x00007ffdc56f6000 	C:\WINDOWS\System32\bcrypt.dll
0x00007ffda0d90000 - 0x00007ffda0f2a000 	C:\Program Files\Java\jdk1.8.0_251\jre\bin\awt.dll
0x00007ffdc7180000 - 0x00007ffdc7245000 	C:\WINDOWS\System32\OLEAUT32.dll
0x00007ffdc3310000 - 0x00007ffdc339f000 	C:\WINDOWS\SYSTEM32\apphelp.dll
0x00007ffdc3950000 - 0x00007ffdc397d000 	C:\WINDOWS\system32\DWMAPI.DLL
0x00007ffdc2db0000 - 0x00007ffdc2e49000 	C:\WINDOWS\system32\uxtheme.dll
0x00007ffd9bc00000 - 0x00007ffd9bd56000 	C:\WINDOWS\system32\opengl32.dll
0x00007ffda26d0000 - 0x00007ffda26fc000 	C:\WINDOWS\SYSTEM32\GLU32.dll
0x00007ffdc3d80000 - 0x00007ffdc3da0000 	C:\WINDOWS\SYSTEM32\dxcore.dll
0x00007ffdc8060000 - 0x00007ffdc8195000 	C:\WINDOWS\System32\MSCTF.dll
0x00007ffdc7530000 - 0x00007ffdc7687000 	C:\WINDOWS\System32\ole32.dll
0x00007ffdbcc40000 - 0x00007ffdbce07000 	C:\WINDOWS\system32\d3d9.dll
0x00007ffdb4e10000 - 0x00007ffdb4eff000 	C:\WINDOWS\System32\DriverStore\FileRepository\nv_dispi.inf_amd64_d5216eae94436d77\nvldumdx.dll
0x00007ffdc52a0000 - 0x00007ffdc53e9000 	C:\WINDOWS\System32\crypt32.dll
0x00007ffdc5150000 - 0x00007ffdc5162000 	C:\WINDOWS\System32\MSASN1.dll
0x00007ffdbf560000 - 0x00007ffdbf58f000 	C:\WINDOWS\SYSTEM32\cryptnet.dll
0x00007ffdc4a80000 - 0x00007ffdc4a8c000 	C:\WINDOWS\SYSTEM32\cryptbase.dll
0x00007ffdc5170000 - 0x00007ffdc51cc000 	C:\WINDOWS\System32\WINTRUST.DLL
0x00007ffdc7fc0000 - 0x00007ffdc7fdd000 	C:\WINDOWS\System32\imagehlp.dll
0x00007ffdc4420000 - 0x00007ffdc4453000 	C:\WINDOWS\system32\rsaenh.dll
0x00007ffd7ab30000 - 0x00007ffd7c053000 	C:\WINDOWS\System32\DriverStore\FileRepository\nv_dispi.inf_amd64_d5216eae94436d77\nvd3dumx.dll
0x00007ffd96db0000 - 0x00007ffd97067000 	C:\WINDOWS\system32\nvspcap64.dll
0x00007ffdc40d0000 - 0x00007ffdc4101000 	C:\WINDOWS\SYSTEM32\ntmarta.dll
0x00007ffdc3cc0000 - 0x00007ffdc3ce2000 	C:\WINDOWS\SYSTEM32\gpapi.dll
0x00007ffdada20000 - 0x00007ffdada69000 	C:\Program Files\Java\jdk1.8.0_251\jre\bin\fontmanager.dll
0x00007ffdc7be0000 - 0x00007ffdc7c82000 	C:\WINDOWS\System32\clbcatq.dll
0x00007ffdbf3b0000 - 0x00007ffdbf55f000 	C:\WINDOWS\SYSTEM32\WindowsCodecs.dll
0x00007ffdc2d70000 - 0x00007ffdc2daa000 	C:\WINDOWS\system32\dataexchange.dll
0x00007ffdc2030000 - 0x00007ffdc220c000 	C:\WINDOWS\system32\dcomp.dll
0x00007ffdc1dd0000 - 0x00007ffdc202b000 	C:\WINDOWS\system32\d3d11.dll
0x00007ffdc3da0000 - 0x00007ffdc3e8b000 	C:\WINDOWS\system32\dxgi.dll
0x00007ffdc3410000 - 0x00007ffdc3671000 	C:\WINDOWS\system32\twinapi.appcore.dll
0x00007ffdc3920000 - 0x00007ffdc3949000 	C:\WINDOWS\system32\RMCLIENT.dll
0x00007ffdbfa90000 - 0x00007ffdbfaa2000 	C:\Program Files\Java\jdk1.8.0_251\jre\bin\nio.dll
0x00007ffdaabd0000 - 0x00007ffdaac12000 	C:\Program Files\Java\jdk1.8.0_251\jre\bin\t2k.dll
0x00007ffdbca50000 - 0x00007ffdbcaee000 	C:\WINDOWS\System32\TextInputFramework.dll
0x00007ffdc2bc0000 - 0x00007ffdc2c94000 	C:\WINDOWS\System32\CoreMessaging.dll
0x00007ffdbf5c0000 - 0x00007ffdbf8ea000 	C:\WINDOWS\System32\CoreUIComponents.dll
0x00007ffdc0df0000 - 0x00007ffdc0f43000 	C:\WINDOWS\SYSTEM32\wintypes.dll
0x00007ffdb9c20000 - 0x00007ffdb9ec6000 	C:\WINDOWS\System32\iertutil.dll

VM Arguments:
jvm_args: -Dfile.encoding=UTF-8 
java_command: proyecto.Proyecto
java_class_path (initial): C:\Users\Andres\Documents\mysql-connector-java-5.1.13-bin.jar;C:\Users\Andres\Documents\NetBeansProjects\Proyecto\build\classes
Launcher Type: SUN_STANDARD

Environment Variables:
PATH=C:\Program Files (x86)\Common Files\Oracle\Java\javapath;C:\WINDOWS\system32;C:\WINDOWS;C:\WINDOWS\System32\Wbem;C:\WINDOWS\System32\WindowsPowerShell\v1.0\;C:\WINDOWS\System32\OpenSSH\;C:\Program Files\NVIDIA Corporation\NVIDIA NvDLISR;C:\Program Files\nodejs\;C:\ProgramData\chocolatey\bin;C:\Program Files (x86)\NVIDIA Corporation\PhysX\Common;C:\Program Files\Git\cmd;C:\Python38;C:\Program Files\dotnet\;C:\Program Files\Microsoft SQL Server\130\Tools\Binn\;C:\Program Files\Microsoft SQL Server\Client SDK\ODBC\170\Tools\Binn\;C:\Users\Andres\AppData\Local\Programs\Python\Python38-32\Scripts\;C:\Users\Andres\AppData\Local\Programs\Python\Python38-32\;C:\Users\Andres\AppData\Local\Microsoft\WindowsApps;C:\Users\Andres\AppData\Local\Programs\Microsoft VS Code\bin;C:\Users\Andres\AppData\Roaming\npm;C:\Python38;
USERNAME=Andres
OS=Windows_NT
PROCESSOR_IDENTIFIER=AMD64 Family 21 Model 2 Stepping 0, AuthenticAMD



---------------  S Y S T E M  ---------------

OS: Windows 10.0 , 64 bit Build 18362 (10.0.18362.900)

CPU:total 6 (initial active 6) (6 cores per cpu, 1 threads per core) family 21 model 2 stepping 0, cmov, cx8, fxsr, mmx, sse, sse2, sse3, ssse3, sse4.1, sse4.2, popcnt, avx, aes, clmul, mmxext, 3dnowpref, lzcnt, sse4a, tsc, tscinvbit, tscinv, bmi1

Memory: 4k page, physical 12527512k(3066612k free), swap 12527512k(5164k free)

vm_info: Java HotSpot(TM) 64-Bit Server VM (25.251-b08) for windows-amd64 JRE (1.8.0_251-b08), built on Mar 12 2020 06:31:49 by "" with MS VC++ 10.0 (VS2010)

time: Mon Jun 22 17:45:29 2020
timezone: Hora est. Pacífico, Sudamérica
elapsed time: 36 seconds (0d 0h 0m 36s)

