#
# There is insufficient memory for the Java Runtime Environment to continue.
# Native memory allocation (malloc) failed to allocate 32744 bytes for ChunkPool::allocate
# Possible reasons:
#   The system is out of physical RAM or swap space
#   The process is running with CompressedOops enabled, and the Java Heap may be blocking the growth of the native heap
# Possible solutions:
#   Reduce memory load on the system
#   Increase physical memory or swap space
#   Check if swap backing store is full
#   Decrease Java heap size (-Xmx/-Xms)
#   Decrease number of Java threads
#   Decrease Java thread stack sizes (-Xss)
#   Set larger code cache with -XX:ReservedCodeCacheSize=
#   JVM is running with Zero Based Compressed Oops mode in which the Java heap is
#     placed in the first 32GB address space. The Java Heap base address is the
#     maximum limit for the native heap growth. Please use -XX:HeapBaseMinAddress
#     to set the Java Heap base and to place the Java Heap above 32GB virtual address.
# This output file may be truncated or incomplete.
#
#  Out of Memory Error (allocation.cpp:272), pid=13480, tid=0x0000000000000a0c
#
# JRE version: Java(TM) SE Runtime Environment (8.0_251-b08) (build 1.8.0_251-b08)
# Java VM: Java HotSpot(TM) 64-Bit Server VM (25.251-b08 mixed mode windows-amd64 compressed oops)
# Failed to write core dump. Minidumps are not enabled by default on client versions of Windows
#

---------------  T H R E A D  ---------------

Current thread (0x000000001a02d800):  JavaThread "C2 CompilerThread0" daemon [_thread_in_native, id=2572, stack(0x000000001bcc0000,0x000000001bdc0000)]

Stack: [0x000000001bcc0000,0x000000001bdc0000]
[error occurred during error reporting (printing stack bounds), id 0xc0000005]

Native frames: (J=compiled Java code, j=interpreted, Vv=VM code, C=native code)


Current CompileTask:
C2:    860  335       4       java.lang.AbstractStringBuilder::ensureCapacityInternal (27 bytes)


---------------  P R O C E S S  ---------------

Java Threads: ( => current thread )
  0x000000001c726000 JavaThread "Unknown thread" [_thread_in_native, id=2104, stack(0x000000001e3d0000,0x000000001e4d0000)]
  0x000000001c723800 JavaThread "Unknown thread" [_thread_blocked, id=8920, stack(0x000000001e2d0000,0x000000001e3d0000)]
  0x000000001c722800 JavaThread "Unknown thread" [_thread_blocked, id=1864, stack(0x000000001e100000,0x000000001e200000)]
  0x000000001c034000 JavaThread "Unknown thread" [_thread_blocked, id=6212, stack(0x000000001c3c0000,0x000000001c4c0000)]
  0x000000001a032800 JavaThread "Unknown thread" [_thread_blocked, id=6716, stack(0x000000001bec0000,0x000000001bfc0000)]
  0x000000001a030800 JavaThread "Unknown thread" [_thread_blocked, id=8752, stack(0x000000001bdc0000,0x000000001bec0000)]
=>0x000000001a02d800 JavaThread "Unknown thread" [_thread_in_native, id=2572, stack(0x000000001bcc0000,0x000000001bdc0000)]
  0x000000001a028000 JavaThread "Unknown thread" [_thread_blocked, id=132, stack(0x000000001bbc0000,0x000000001bcc0000)]
  0x000000001a024800 JavaThread "Unknown thread" [_thread_blocked, id=12812, stack(0x000000001bac0000,0x000000001bbc0000)]
  0x0000000002beb800 JavaThread "Unknown thread" daemon [_thread_blocked, id=10892, stack(0x000000001b8a0000,0x000000001b9a0000)]
  0x0000000002be3800 JavaThread "Unknown thread" [_thread_blocked, id=7852, stack(0x000000001b7a0000,0x000000001b8a0000)]
  0x0000000002cde800 JavaThread "main" [_thread_blocked, id=10360, stack(0x0000000002980000,0x0000000002a80000)]

Other Threads:
  0x0000000019fe7800 VMThread [stack: 0x000000001b6a0000,0x000000001b7a0000] [id=7608]
  0x000000001c002800 WatcherThread [stack: 0x000000001c4c0000,0x000000001c5c0000] [id=14172]

VM state:at safepoint (normal execution)

VM Mutex/Monitor currently owned by a thread:  ([mutex/lock_event])
[0x0000000002cdd330] Threads_lock - owner thread: 0x0000000019fe7800
[0x0000000002cdcdb0] Heap_lock - owner thread: 0x0000000002cde800

OutOfMemory and StackOverflow Exception counts:
OutOfMemoryError java_heap_errors=1

heap address: 0x0000000700c00000, size: 3060 MB, Compressed Oops mode: Zero based, Oop shift amount: 3
Narrow klass base: 0x0000000000000000, Narrow klass shift: 3
Compressed class space size: 1073741824 Address: 0x00000007c0000000

Heap:
 PSYoungGen      total 57344K, used 2098K [0x0000000780400000, 0x0000000784400000, 0x00000007c0000000)
  eden space 49152K, 0% used [0x0000000780400000,0x0000000780400000,0x0000000783400000)
  from space 8192K, 25% used [0x0000000783400000,0x000000078360c9a8,0x0000000783c00000)
  to   space 8192K, 0% used [0x0000000783c00000,0x0000000783c00000,0x0000000784400000)
 ParOldGen       total 131072K, used 8K [0x0000000700c00000, 0x0000000708c00000, 0x0000000780400000)
  object space 131072K, 0% used [0x0000000700c00000,0x0000000700c02000,0x0000000708c00000)
 Metaspace       used 7916K, capacity 8030K, committed 8192K, reserved 1062912K
  class space    used 866K, capacity 930K, committed 1024K, reserved 1048576K

Card table byte_map: [0x00000000120a0000,0x00000000126a0000] byte_map_base: 0x000000000e89a000

Marking Bits: (ParMarkBitMap*) 0x0000000074fdaf90
 Begin Bits: [0x00000000130a0000, 0x0000000016070000)
 End Bits:   [0x0000000016070000, 0x0000000019040000)

Polling page: 0x0000000000d70000

CodeCache: size=245760Kb used=1913Kb max_used=1913Kb free=243846Kb
 bounds [0x0000000002ce0000, 0x0000000002f50000, 0x0000000011ce0000]
 total_blobs=763 nmethods=381 adapters=296
 compilation: enabled

Compilation events (10 events):
Event: 0.763 Thread 0x000000001a032800  366       3       java.lang.invoke.InvokerBytecodeGenerator::emitPushArgument (28 bytes)
Event: 0.763 Thread 0x000000001a032800 nmethod 366 0x0000000002ea99d0 code [0x0000000002ea9b60, 0x0000000002eaa078]
Event: 0.763 Thread 0x000000001a032800  367       3       java.lang.invoke.InvokerBytecodeGenerator::emitPushArgument (120 bytes)
Event: 0.765 Thread 0x000000001a032800 nmethod 367 0x0000000002ead5d0 code [0x0000000002ead860, 0x0000000002eae858]
Event: 0.765 Thread 0x000000001a032800  358       3       java.lang.String::substring (56 bytes)
Event: 0.765 Thread 0x000000001a030800 nmethod 364 0x0000000002eaef10 code [0x0000000002eaf060, 0x0000000002eaf338]
Event: 0.765 Thread 0x000000001a032800 nmethod 358 0x0000000002eacf10 code [0x0000000002ead0a0, 0x0000000002ead448]
Event: 0.765 Thread 0x000000001a032800  355       1       java.lang.invoke.LambdaForm::arity (5 bytes)
Event: 0.765 Thread 0x000000001a032800 nmethod 355 0x0000000002eacc50 code [0x0000000002eacda0, 0x0000000002eaceb0]
Event: 0.767 Thread 0x000000001a032800  370       3       jdk.internal.org.objectweb.asm.ByteVector::<init> (13 bytes)

GC Heap History (0 events):
No events

Deoptimization events (0 events):
No events

Classes redefined (0 events):
No events

Internal exceptions (10 events):
Event: 0.087 Thread 0x0000000002cde800 Exception <a 'java/lang/NoSuchMethodError': Method sun.misc.Unsafe.prefetchRead(Ljava/lang/Object;J)V name or signature does not match> (0x0000000780407fa8) thrown at [C:\jenkins\workspace\8-2-build-windows-amd64-cygwin\jdk8u251\737\hotspot\src\share\vm\p
Event: 0.226 Thread 0x0000000002cde800 Exception <a 'java/security/PrivilegedActionException'> (0x00000007804a7268) thrown at [C:\jenkins\workspace\8-2-build-windows-amd64-cygwin\jdk8u251\737\hotspot\src\share\vm\prims\jvm.cpp, line 1502]
Event: 0.226 Thread 0x0000000002cde800 Exception <a 'java/security/PrivilegedActionException'> (0x00000007804a7478) thrown at [C:\jenkins\workspace\8-2-build-windows-amd64-cygwin\jdk8u251\737\hotspot\src\share\vm\prims\jvm.cpp, line 1502]
Event: 0.227 Thread 0x0000000002cde800 Exception <a 'java/security/PrivilegedActionException'> (0x00000007804ab570) thrown at [C:\jenkins\workspace\8-2-build-windows-amd64-cygwin\jdk8u251\737\hotspot\src\share\vm\prims\jvm.cpp, line 1502]
Event: 0.227 Thread 0x0000000002cde800 Exception <a 'java/security/PrivilegedActionException'> (0x00000007804ab780) thrown at [C:\jenkins\workspace\8-2-build-windows-amd64-cygwin\jdk8u251\737\hotspot\src\share\vm\prims\jvm.cpp, line 1502]
Event: 0.576 Thread 0x0000000002cde800 Exception <a 'java/lang/OutOfMemoryError': (class: com/mysql/jdbc/MysqlIO, method: enqueuePacketForDebugging signature: (ZZI[BLcom/mysql/jdbc/Buffer;)V) > (0x00000007808f48c0) thrown at [C:\jenkins\workspace\8-2-build-windows-amd64-cygwin\jdk8u251\737\hot
Event: 0.577 Thread 0x0000000002cde800 Exception <a 'java/lang/reflect/InvocationTargetException'> (0x00000007808f4ac8) thrown at [C:\jenkins\workspace\8-2-build-windows-amd64-cygwin\jdk8u251\737\hotspot\src\share\vm\runtime\reflection.cpp, line 1092]
Event: 0.665 Thread 0x0000000002cde800 Exception <a 'java/io/FileNotFoundException'> (0x0000000780937b78) thrown at [C:\jenkins\workspace\8-2-build-windows-amd64-cygwin\jdk8u251\737\hotspot\src\share\vm\prims\jni.cpp, line 710]
Event: 0.738 Thread 0x0000000002cde800 Exception <a 'java/lang/NoSuchFieldError': method resolution failed> (0x0000000780a09160) thrown at [C:\jenkins\workspace\8-2-build-windows-amd64-cygwin\jdk8u251\737\hotspot\src\share\vm\prims\methodHandles.cpp, line 1167]
Event: 0.741 Thread 0x0000000002cde800 Exception <a 'java/lang/NoSuchFieldError': method resolution failed> (0x0000000780a16840) thrown at [C:\jenkins\workspace\8-2-build-windows-amd64-cygwin\jdk8u251\737\hotspot\src\share\vm\prims\methodHandles.cpp, line 1167]

Events (10 events):
Event: 0.766 loading class sun/security/action/GetBooleanAction
Event: 0.766 loading class sun/security/action/GetBooleanAction done
Event: 0.766 loading class java/security/AllPermissionCollection
Event: 0.766 loading class java/security/AllPermissionCollection done
Event: 0.766 loading class java/lang/invoke/InfoFromMemberName
Event: 0.766 loading class java/lang/invoke/MethodHandleInfo
Event: 0.767 loading class java/lang/invoke/MethodHandleInfo done
Event: 0.767 loading class java/lang/invoke/InfoFromMemberName done
Event: 0.767 loading class java/lang/invoke/InnerClassLambdaMetafactory$ForwardingMethodGenerator
Event: 0.767 loading class java/lang/invoke/TypeConvertingMethodAdapter


Dynamic libraries:
0x00007ff60dff0000 - 0x00007ff60e027000 	C:\Program Files\Java\jdk1.8.0_251\bin\java.exe
0x00007ffdc81e0000 - 0x00007ffdc83d0000 	C:\WINDOWS\SYSTEM32\ntdll.dll
0x00007ffdc6fa0000 - 0x00007ffdc7052000 	C:\WINDOWS\System32\KERNEL32.DLL
0x00007ffdc53f0000 - 0x00007ffdc5694000 	C:\WINDOWS\System32\KERNELBASE.dll
0x00007ffdc7c90000 - 0x00007ffdc7d33000 	C:\WINDOWS\System32\ADVAPI32.dll
0x00007ffdc7490000 - 0x00007ffdc752e000 	C:\WINDOWS\System32\msvcrt.dll
0x00007ffdc7d70000 - 0x00007ffdc7e07000 	C:\WINDOWS\System32\sechost.dll
0x00007ffdc7060000 - 0x00007ffdc7180000 	C:\WINDOWS\System32\RPCRT4.dll
0x00007ffdc7700000 - 0x00007ffdc7894000 	C:\WINDOWS\System32\USER32.dll
0x00007ffdc56a0000 - 0x00007ffdc56c1000 	C:\WINDOWS\System32\win32u.dll
0x00007ffdc7d40000 - 0x00007ffdc7d66000 	C:\WINDOWS\System32\GDI32.dll
0x00007ffdc60f0000 - 0x00007ffdc6285000 	C:\WINDOWS\System32\gdi32full.dll
0x00007ffdc58d0000 - 0x00007ffdc596e000 	C:\WINDOWS\System32\msvcp_win.dll
0x00007ffdc5700000 - 0x00007ffdc57fa000 	C:\WINDOWS\System32\ucrtbase.dll
0x00007ffdb8910000 - 0x00007ffdb8b94000 	C:\WINDOWS\WinSxS\amd64_microsoft.windows.common-controls_6595b64144ccf1df_6.0.18362.900_none_e6beb9d913147d17\COMCTL32.dll
0x00007ffdc78a0000 - 0x00007ffdc7bd5000 	C:\WINDOWS\System32\combase.dll
0x00007ffdc5220000 - 0x00007ffdc52a0000 	C:\WINDOWS\System32\bcryptPrimitives.dll
0x00007ffdc6360000 - 0x00007ffdc638e000 	C:\WINDOWS\System32\IMM32.DLL
0x00000000754f0000 - 0x00000000755c2000 	C:\Program Files\Java\jdk1.8.0_251\jre\bin\msvcr100.dll
0x00000000747b0000 - 0x000000007505b000 	C:\Program Files\Java\jdk1.8.0_251\jre\bin\server\jvm.dll
0x00007ffdc7250000 - 0x00007ffdc7258000 	C:\WINDOWS\System32\PSAPI.DLL
0x00007ffdc3710000 - 0x00007ffdc3719000 	C:\WINDOWS\SYSTEM32\WSOCK32.dll
0x00007ffdc3090000 - 0x00007ffdc30b4000 	C:\WINDOWS\SYSTEM32\WINMM.dll
0x00007ffdc6290000 - 0x00007ffdc62ff000 	C:\WINDOWS\System32\WS2_32.dll
0x00007ffdbf590000 - 0x00007ffdbf59a000 	C:\WINDOWS\SYSTEM32\VERSION.dll
0x00007ffdc3010000 - 0x00007ffdc303d000 	C:\WINDOWS\SYSTEM32\WINMMBASE.dll
0x00007ffdc51d0000 - 0x00007ffdc521a000 	C:\WINDOWS\System32\cfgmgr32.dll
0x00007ffdc3260000 - 0x00007ffdc326f000 	C:\Program Files\Java\jdk1.8.0_251\jre\bin\verify.dll
0x00007ffdadab0000 - 0x00007ffdadad9000 	C:\Program Files\Java\jdk1.8.0_251\jre\bin\java.dll
0x00007ffdc2d40000 - 0x00007ffdc2d56000 	C:\Program Files\Java\jdk1.8.0_251\jre\bin\zip.dll
0x00007ffdc6800000 - 0x00007ffdc6ee6000 	C:\WINDOWS\System32\SHELL32.dll
0x00007ffdc6ef0000 - 0x00007ffdc6f99000 	C:\WINDOWS\System32\shcore.dll
0x00007ffdc5970000 - 0x00007ffdc60f0000 	C:\WINDOWS\System32\windows.storage.dll
0x00007ffdc50b0000 - 0x00007ffdc50d3000 	C:\WINDOWS\System32\profapi.dll
0x00007ffdc5100000 - 0x00007ffdc514a000 	C:\WINDOWS\System32\powrprof.dll
0x00007ffdc50a0000 - 0x00007ffdc50b0000 	C:\WINDOWS\System32\UMPDC.dll
0x00007ffdc76a0000 - 0x00007ffdc76f2000 	C:\WINDOWS\System32\shlwapi.dll
0x00007ffdc50e0000 - 0x00007ffdc50f1000 	C:\WINDOWS\System32\kernel.appcore.dll
0x00007ffdc58b0000 - 0x00007ffdc58c7000 	C:\WINDOWS\System32\cryptsp.dll
0x00007ffda0d90000 - 0x00007ffda0f2a000 	C:\Program Files\Java\jdk1.8.0_251\jre\bin\awt.dll
0x00007ffdc7180000 - 0x00007ffdc7245000 	C:\WINDOWS\System32\OLEAUT32.dll
0x00007ffdc3310000 - 0x00007ffdc339f000 	C:\WINDOWS\SYSTEM32\apphelp.dll
0x00007ffdc3950000 - 0x00007ffdc397d000 	C:\WINDOWS\system32\DWMAPI.DLL
0x00007ffdc2db0000 - 0x00007ffdc2e49000 	C:\WINDOWS\system32\uxtheme.dll
0x00007ffd9bc00000 - 0x00007ffd9bd56000 	C:\WINDOWS\system32\opengl32.dll
0x00007ffda26d0000 - 0x00007ffda26fc000 	C:\WINDOWS\SYSTEM32\GLU32.dll
0x00007ffdc3d80000 - 0x00007ffdc3da0000 	C:\WINDOWS\SYSTEM32\dxcore.dll
0x00007ffdc8060000 - 0x00007ffdc8195000 	C:\WINDOWS\System32\MSCTF.dll
0x00007ffdc7530000 - 0x00007ffdc7687000 	C:\WINDOWS\System32\ole32.dll

VM Arguments:
jvm_args: -Dfile.encoding=UTF-8 
java_command: proyecto.Proyecto
java_class_path (initial): C:\Users\Andres\Documents\mysql-connector-java-5.1.13-bin.jar;C:\Users\Andres\Documents\NetBeansProjects\Proyecto\build\classes
Launcher Type: SUN_STANDARD

Environment Variables:
PATH=C:\Program Files (x86)\Common Files\Oracle\Java\javapath;C:\WINDOWS\system32;C:\WINDOWS;C:\WINDOWS\System32\Wbem;C:\WINDOWS\System32\WindowsPowerShell\v1.0\;C:\WINDOWS\System32\OpenSSH\;C:\Program Files\NVIDIA Corporation\NVIDIA NvDLISR;C:\Program Files\nodejs\;C:\ProgramData\chocolatey\bin;C:\Program Files (x86)\NVIDIA Corporation\PhysX\Common;C:\Program Files\Git\cmd;C:\Python38;C:\Program Files\dotnet\;C:\Program Files\Microsoft SQL Server\130\Tools\Binn\;C:\Program Files\Microsoft SQL Server\Client SDK\ODBC\170\Tools\Binn\;C:\Users\Andres\AppData\Local\Programs\Python\Python38-32\Scripts\;C:\Users\Andres\AppData\Local\Programs\Python\Python38-32\;C:\Users\Andres\AppData\Local\Microsoft\WindowsApps;C:\Users\Andres\AppData\Local\Programs\Microsoft VS Code\bin;C:\Users\Andres\AppData\Roaming\npm;C:\Python38;
USERNAME=Andres
OS=Windows_NT
PROCESSOR_IDENTIFIER=AMD64 Family 21 Model 2 Stepping 0, AuthenticAMD



---------------  S Y S T E M  ---------------

OS: Windows 10.0 , 64 bit Build 18362 (10.0.18362.900)

CPU:total 6 (initial active 6) (6 cores per cpu, 1 threads per core) family 21 model 2 stepping 0, cmov, cx8, fxsr, mmx, sse, sse2, sse3, ssse3, sse4.1, sse4.2, popcnt, avx, aes, clmul, mmxext, 3dnowpref, lzcnt, sse4a, tsc, tscinvbit, tscinv, bmi1

Memory: 4k page, physical 12527512k(3247676k free), swap 12527512k(44028k free)

vm_info: Java HotSpot(TM) 64-Bit Server VM (25.251-b08) for windows-amd64 JRE (1.8.0_251-b08), built on Mar 12 2020 06:31:49 by "" with MS VC++ 10.0 (VS2010)

time: Mon Jun 22 17:22:45 2020
timezone: Hora est. Pacífico, Sudamérica
elapsed time: 0 seconds (0d 0h 0m 0s)

